Analysis & Synthesis report for Lab4
Thu Apr 29 16:13:54 2021
Quartus Prime Version 18.1.0 Build 625 09/12/2018 SJ Lite Edition


---------------------
; Table of Contents ;
---------------------
  1. Legal Notice
  2. Analysis & Synthesis Summary
  3. Analysis & Synthesis Settings
  4. Parallel Compilation
  5. Analysis & Synthesis Source Files Read
  6. Analysis & Synthesis Resource Usage Summary
  7. Analysis & Synthesis Resource Utilization by Entity
  8. User-Specified and Inferred Latches
  9. Registers Removed During Synthesis
 10. General Register Statistics
 11. Multiplexer Restructuring Statistics (Restructuring Performed)
 12. Parameter Settings for User Entity Instance: Tenbitcounter:SD1
 13. Parameter Settings for User Entity Instance: Tenbitcounter:SD2
 14. Parameter Settings for User Entity Instance: FiveSecondTimer:TS1|Tenbitcounter:TB1
 15. Parameter Settings for User Entity Instance: FiveSecondTimer:TS1|Tenbitcounter:TB2
 16. Parameter Settings for User Entity Instance: FiveSecondTimer:TS1|Ninebitcounter:NB1
 17. Parameter Settings for User Entity Instance: TwentySecondTimer:TWS1|TenSecondTimer:TS1|Tenbitcounter:TB1
 18. Parameter Settings for User Entity Instance: TwentySecondTimer:TWS1|TenSecondTimer:TS1|Tenbitcounter:TB2
 19. Parameter Settings for User Entity Instance: TwentySecondTimer:TWS1|TenSecondTimer:TS1|Ninebitcounter:NB1
 20. Parameter Settings for User Entity Instance: TwentySecondTimer:TWS1|TenSecondTimer:TS2|Tenbitcounter:TB1
 21. Parameter Settings for User Entity Instance: TwentySecondTimer:TWS1|TenSecondTimer:TS2|Tenbitcounter:TB2
 22. Parameter Settings for User Entity Instance: TwentySecondTimer:TWS1|TenSecondTimer:TS2|Ninebitcounter:NB1
 23. Parameter Settings for User Entity Instance: FiveHzBlink:FHZ
 24. Parameter Settings for User Entity Instance: FiveHzBlink:FHZ|Tenbitcounter:TB1
 25. Parameter Settings for User Entity Instance: FiveHzBlink:FHZ|Tenbitcounter:TB2
 26. Parameter Settings for User Entity Instance: FiveHzBlink:FHZ|Threebitcounter:THB1
 27. Port Connectivity Checks: "FiveHzBlink:FHZ|Threebitcounter:THB1"
 28. Port Connectivity Checks: "FiveHzBlink:FHZ|Tenbitcounter:TB2"
 29. Port Connectivity Checks: "FiveHzBlink:FHZ|Tenbitcounter:TB1"
 30. Port Connectivity Checks: "FiveHzBlink:FHZ"
 31. Port Connectivity Checks: "TwentySecondTimer:TWS1|TenSecondTimer:TS1|Ninebitcounter:NB1"
 32. Port Connectivity Checks: "TwentySecondTimer:TWS1|TenSecondTimer:TS1|Tenbitcounter:TB2"
 33. Port Connectivity Checks: "TwentySecondTimer:TWS1|TenSecondTimer:TS1|Tenbitcounter:TB1"
 34. Port Connectivity Checks: "TwentySecondTimer:TWS1"
 35. Port Connectivity Checks: "FiveSecondTimer:TS1|Ninebitcounter:NB1"
 36. Port Connectivity Checks: "FiveSecondTimer:TS1|Tenbitcounter:TB2"
 37. Port Connectivity Checks: "FiveSecondTimer:TS1|Tenbitcounter:TB1"
 38. Port Connectivity Checks: "FiveSecondTimer:TS1"
 39. Port Connectivity Checks: "Tenbitcounter:SD2"
 40. Port Connectivity Checks: "Tenbitcounter:SD1"
 41. Post-Synthesis Netlist Statistics for Top Partition
 42. Elapsed Time Per Partition
 43. Analysis & Synthesis Messages
 44. Analysis & Synthesis Suppressed Messages



----------------
; Legal Notice ;
----------------
Copyright (C) 2018  Intel Corporation. All rights reserved.
Your use of Intel Corporation's design tools, logic functions 
and other software and tools, and its AMPP partner logic 
functions, and any output files from any of the foregoing 
(including device programming or simulation files), and any 
associated documentation or information are expressly subject 
to the terms and conditions of the Intel Program License 
Subscription Agreement, the Intel Quartus Prime License Agreement,
the Intel FPGA IP License Agreement, or other applicable license
agreement, including, without limitation, that your use is for
the sole purpose of programming logic devices manufactured by
Intel and sold by Intel or its authorized distributors.  Please
refer to the applicable agreement for further details.



+-------------------------------------------------------------------------------+
; Analysis & Synthesis Summary                                                  ;
+---------------------------------+---------------------------------------------+
; Analysis & Synthesis Status     ; Successful - Thu Apr 29 16:13:54 2021       ;
; Quartus Prime Version           ; 18.1.0 Build 625 09/12/2018 SJ Lite Edition ;
; Revision Name                   ; Lab4                                        ;
; Top-level Entity Name           ; Lab4                                        ;
; Family                          ; Cyclone V                                   ;
; Logic utilization (in ALMs)     ; N/A                                         ;
; Total registers                 ; 151                                         ;
; Total pins                      ; 14                                          ;
; Total virtual pins              ; 0                                           ;
; Total block memory bits         ; 0                                           ;
; Total DSP Blocks                ; 0                                           ;
; Total HSSI RX PCSs              ; 0                                           ;
; Total HSSI PMA RX Deserializers ; 0                                           ;
; Total HSSI TX PCSs              ; 0                                           ;
; Total HSSI PMA TX Serializers   ; 0                                           ;
; Total PLLs                      ; 0                                           ;
; Total DLLs                      ; 0                                           ;
+---------------------------------+---------------------------------------------+


+---------------------------------------------------------------------------------------------------------------------------+
; Analysis & Synthesis Settings                                                                                             ;
+---------------------------------------------------------------------------------+--------------------+--------------------+
; Option                                                                          ; Setting            ; Default Value      ;
+---------------------------------------------------------------------------------+--------------------+--------------------+
; Device                                                                          ; 5CSEBA6U23I7       ;                    ;
; Top-level entity name                                                           ; Lab4               ; Lab4               ;
; Family name                                                                     ; Cyclone V          ; Cyclone V          ;
; Use smart compilation                                                           ; Off                ; Off                ;
; Enable parallel Assembler and Timing Analyzer during compilation                ; On                 ; On                 ;
; Enable compact report table                                                     ; Off                ; Off                ;
; Restructure Multiplexers                                                        ; Auto               ; Auto               ;
; MLAB Add Timing Constraints For Mixed-Port Feed-Through Mode Setting Don't Care ; Off                ; Off                ;
; Create Debugging Nodes for IP Cores                                             ; Off                ; Off                ;
; Preserve fewer node names                                                       ; On                 ; On                 ;
; Intel FPGA IP Evaluation Mode                                                   ; Enable             ; Enable             ;
; Verilog Version                                                                 ; Verilog_2001       ; Verilog_2001       ;
; VHDL Version                                                                    ; VHDL_1993          ; VHDL_1993          ;
; State Machine Processing                                                        ; Auto               ; Auto               ;
; Safe State Machine                                                              ; Off                ; Off                ;
; Extract Verilog State Machines                                                  ; On                 ; On                 ;
; Extract VHDL State Machines                                                     ; On                 ; On                 ;
; Ignore Verilog initial constructs                                               ; Off                ; Off                ;
; Iteration limit for constant Verilog loops                                      ; 5000               ; 5000               ;
; Iteration limit for non-constant Verilog loops                                  ; 250                ; 250                ;
; Add Pass-Through Logic to Inferred RAMs                                         ; On                 ; On                 ;
; Infer RAMs from Raw Logic                                                       ; On                 ; On                 ;
; Parallel Synthesis                                                              ; On                 ; On                 ;
; DSP Block Balancing                                                             ; Auto               ; Auto               ;
; NOT Gate Push-Back                                                              ; On                 ; On                 ;
; Power-Up Don't Care                                                             ; On                 ; On                 ;
; Remove Redundant Logic Cells                                                    ; Off                ; Off                ;
; Remove Duplicate Registers                                                      ; On                 ; On                 ;
; Ignore CARRY Buffers                                                            ; Off                ; Off                ;
; Ignore CASCADE Buffers                                                          ; Off                ; Off                ;
; Ignore GLOBAL Buffers                                                           ; Off                ; Off                ;
; Ignore ROW GLOBAL Buffers                                                       ; Off                ; Off                ;
; Ignore LCELL Buffers                                                            ; Off                ; Off                ;
; Ignore SOFT Buffers                                                             ; On                 ; On                 ;
; Limit AHDL Integers to 32 Bits                                                  ; Off                ; Off                ;
; Optimization Technique                                                          ; Balanced           ; Balanced           ;
; Carry Chain Length                                                              ; 70                 ; 70                 ;
; Auto Carry Chains                                                               ; On                 ; On                 ;
; Auto Open-Drain Pins                                                            ; On                 ; On                 ;
; Perform WYSIWYG Primitive Resynthesis                                           ; Off                ; Off                ;
; Auto ROM Replacement                                                            ; On                 ; On                 ;
; Auto RAM Replacement                                                            ; On                 ; On                 ;
; Auto DSP Block Replacement                                                      ; On                 ; On                 ;
; Auto Shift Register Replacement                                                 ; Auto               ; Auto               ;
; Allow Shift Register Merging across Hierarchies                                 ; Auto               ; Auto               ;
; Auto Clock Enable Replacement                                                   ; On                 ; On                 ;
; Strict RAM Replacement                                                          ; Off                ; Off                ;
; Allow Synchronous Control Signals                                               ; On                 ; On                 ;
; Force Use of Synchronous Clear Signals                                          ; Off                ; Off                ;
; Auto Resource Sharing                                                           ; Off                ; Off                ;
; Allow Any RAM Size For Recognition                                              ; Off                ; Off                ;
; Allow Any ROM Size For Recognition                                              ; Off                ; Off                ;
; Allow Any Shift Register Size For Recognition                                   ; Off                ; Off                ;
; Use LogicLock Constraints during Resource Balancing                             ; On                 ; On                 ;
; Ignore translate_off and synthesis_off directives                               ; Off                ; Off                ;
; Timing-Driven Synthesis                                                         ; On                 ; On                 ;
; Report Parameter Settings                                                       ; On                 ; On                 ;
; Report Source Assignments                                                       ; On                 ; On                 ;
; Report Connectivity Checks                                                      ; On                 ; On                 ;
; Ignore Maximum Fan-Out Assignments                                              ; Off                ; Off                ;
; Synchronization Register Chain Length                                           ; 3                  ; 3                  ;
; Power Optimization During Synthesis                                             ; Normal compilation ; Normal compilation ;
; HDL message level                                                               ; Level2             ; Level2             ;
; Suppress Register Optimization Related Messages                                 ; Off                ; Off                ;
; Number of Removed Registers Reported in Synthesis Report                        ; 5000               ; 5000               ;
; Number of Swept Nodes Reported in Synthesis Report                              ; 5000               ; 5000               ;
; Number of Inverted Registers Reported in Synthesis Report                       ; 100                ; 100                ;
; Clock MUX Protection                                                            ; On                 ; On                 ;
; Auto Gated Clock Conversion                                                     ; Off                ; Off                ;
; Block Design Naming                                                             ; Auto               ; Auto               ;
; SDC constraint protection                                                       ; Off                ; Off                ;
; Synthesis Effort                                                                ; Auto               ; Auto               ;
; Shift Register Replacement - Allow Asynchronous Clear Signal                    ; On                 ; On                 ;
; Pre-Mapping Resynthesis Optimization                                            ; Off                ; Off                ;
; Analysis & Synthesis Message Level                                              ; Medium             ; Medium             ;
; Disable Register Merging Across Hierarchies                                     ; Auto               ; Auto               ;
; Resource Aware Inference For Block RAM                                          ; On                 ; On                 ;
; Automatic Parallel Synthesis                                                    ; On                 ; On                 ;
; Partial Reconfiguration Bitstream ID                                            ; Off                ; Off                ;
+---------------------------------------------------------------------------------+--------------------+--------------------+


+------------------------------------------+
; Parallel Compilation                     ;
+----------------------------+-------------+
; Processors                 ; Number      ;
+----------------------------+-------------+
; Number detected on machine ; 4           ;
; Maximum allowed            ; 4           ;
;                            ;             ;
; Average used               ; 1.00        ;
; Maximum used               ; 4           ;
;                            ;             ;
; Usage by Processor         ; % Time Used ;
;     Processor 1            ; 100.0%      ;
;     Processor 2            ;   0.0%      ;
;     Processors 3-4         ;   0.0%      ;
+----------------------------+-------------+


+--------------------------------------------------------------------------------------------------------------------------------------+
; Analysis & Synthesis Source Files Read                                                                                               ;
+----------------------------------+-----------------+------------------------+----------------------------------------------+---------+
; File Name with User-Entered Path ; Used in Netlist ; File Type              ; File Name with Absolute Path                 ; Library ;
+----------------------------------+-----------------+------------------------+----------------------------------------------+---------+
; SRLatch.v                        ; yes             ; User Verilog HDL File  ; C:/scratch/s3815282/Lab4/SRLatch.v           ;         ;
; Lab4.v                           ; yes             ; User Verilog HDL File  ; C:/scratch/s3815282/Lab4/Lab4.v              ;         ;
; TenSecondTimer.v                 ; yes             ; User Verilog HDL File  ; C:/scratch/s3815282/Lab4/TenSecondTimer.v    ;         ;
; Ninebitcounter.v                 ; yes             ; User Verilog HDL File  ; C:/scratch/s3815282/Lab4/Ninebitcounter.v    ;         ;
; Tenbitcounter.v                  ; yes             ; User Verilog HDL File  ; C:/scratch/s3815282/Lab4/Tenbitcounter.v     ;         ;
; FiveHzBlink.v                    ; yes             ; User Verilog HDL File  ; C:/scratch/s3815282/Lab4/FiveHzBlink.v       ;         ;
; Threebitcounter.v                ; yes             ; User Verilog HDL File  ; C:/scratch/s3815282/Lab4/Threebitcounter.v   ;         ;
; TwentySecondTimer.v              ; yes             ; User Verilog HDL File  ; C:/scratch/s3815282/Lab4/TwentySecondTimer.v ;         ;
; Switch.v                         ; yes             ; User Verilog HDL File  ; C:/scratch/s3815282/Lab4/Switch.v            ;         ;
; FiveSecondTimer.v                ; yes             ; User Verilog HDL File  ; C:/scratch/s3815282/Lab4/FiveSecondTimer.v   ;         ;
+----------------------------------+-----------------+------------------------+----------------------------------------------+---------+


+-------------------------------------------------------------+
; Analysis & Synthesis Resource Usage Summary                 ;
+---------------------------------------------+---------------+
; Resource                                    ; Usage         ;
+---------------------------------------------+---------------+
; Estimate of Logic utilization (ALMs needed) ; 117           ;
;                                             ;               ;
; Combinational ALUT usage for logic          ; 219           ;
;     -- 7 input functions                    ; 0             ;
;     -- 6 input functions                    ; 14            ;
;     -- 5 input functions                    ; 26            ;
;     -- 4 input functions                    ; 30            ;
;     -- <=3 input functions                  ; 149           ;
;                                             ;               ;
; Dedicated logic registers                   ; 151           ;
;                                             ;               ;
; I/O pins                                    ; 14            ;
;                                             ;               ;
; Total DSP Blocks                            ; 0             ;
;                                             ;               ;
; Maximum fan-out node                        ; clock50~input ;
; Maximum fan-out                             ; 58            ;
; Total fan-out                               ; 1201          ;
; Average fan-out                             ; 3.02          ;
+---------------------------------------------+---------------+


+------------------------------------------------------------------------------------------------------------------------------------------------------------------------------------------------------------------------------------------------+
; Analysis & Synthesis Resource Utilization by Entity                                                                                                                                                                                            ;
+-------------------------------+---------------------+---------------------------+-------------------+------------+------+--------------+--------------------------------------------------------------------+-------------------+--------------+
; Compilation Hierarchy Node    ; Combinational ALUTs ; Dedicated Logic Registers ; Block Memory Bits ; DSP Blocks ; Pins ; Virtual Pins ; Full Hierarchy Name                                                ; Entity Name       ; Library Name ;
+-------------------------------+---------------------+---------------------------+-------------------+------------+------+--------------+--------------------------------------------------------------------+-------------------+--------------+
; |Lab4                         ; 219 (6)             ; 151 (4)                   ; 0                 ; 0          ; 14   ; 0            ; |Lab4                                                              ; Lab4              ; work         ;
;    |FiveHzBlink:FHZ|          ; 38 (2)              ; 27 (2)                    ; 0                 ; 0          ; 0    ; 0            ; |Lab4|FiveHzBlink:FHZ                                              ; FiveHzBlink       ; work         ;
;       |Tenbitcounter:TB1|     ; 16 (16)             ; 11 (11)                   ; 0                 ; 0          ; 0    ; 0            ; |Lab4|FiveHzBlink:FHZ|Tenbitcounter:TB1                            ; Tenbitcounter     ; work         ;
;       |Tenbitcounter:TB2|     ; 16 (16)             ; 11 (11)                   ; 0                 ; 0          ; 0    ; 0            ; |Lab4|FiveHzBlink:FHZ|Tenbitcounter:TB2                            ; Tenbitcounter     ; work         ;
;       |Threebitcounter:THB1|  ; 4 (4)               ; 3 (3)                     ; 0                 ; 0          ; 0    ; 0            ; |Lab4|FiveHzBlink:FHZ|Threebitcounter:THB1                         ; Threebitcounter   ; work         ;
;    |FiveSecondTimer:TS1|      ; 47 (2)              ; 32 (1)                    ; 0                 ; 0          ; 0    ; 0            ; |Lab4|FiveSecondTimer:TS1                                          ; FiveSecondTimer   ; work         ;
;       |Ninebitcounter:NB1|    ; 11 (11)             ; 9 (9)                     ; 0                 ; 0          ; 0    ; 0            ; |Lab4|FiveSecondTimer:TS1|Ninebitcounter:NB1                       ; Ninebitcounter    ; work         ;
;       |SRLatch:SR1|           ; 1 (1)               ; 0 (0)                     ; 0                 ; 0          ; 0    ; 0            ; |Lab4|FiveSecondTimer:TS1|SRLatch:SR1                              ; SRLatch           ; work         ;
;       |Tenbitcounter:TB1|     ; 16 (16)             ; 11 (11)                   ; 0                 ; 0          ; 0    ; 0            ; |Lab4|FiveSecondTimer:TS1|Tenbitcounter:TB1                        ; Tenbitcounter     ; work         ;
;       |Tenbitcounter:TB2|     ; 17 (17)             ; 11 (11)                   ; 0                 ; 0          ; 0    ; 0            ; |Lab4|FiveSecondTimer:TS1|Tenbitcounter:TB2                        ; Tenbitcounter     ; work         ;
;    |Switch:SW1|               ; 1 (1)               ; 1 (1)                     ; 0                 ; 0          ; 0    ; 0            ; |Lab4|Switch:SW1                                                   ; Switch            ; work         ;
;    |Switch:SW2|               ; 1 (1)               ; 1 (1)                     ; 0                 ; 0          ; 0    ; 0            ; |Lab4|Switch:SW2                                                   ; Switch            ; work         ;
;    |Tenbitcounter:SD1|        ; 16 (16)             ; 11 (11)                   ; 0                 ; 0          ; 0    ; 0            ; |Lab4|Tenbitcounter:SD1                                            ; Tenbitcounter     ; work         ;
;    |Tenbitcounter:SD2|        ; 16 (16)             ; 11 (11)                   ; 0                 ; 0          ; 0    ; 0            ; |Lab4|Tenbitcounter:SD2                                            ; Tenbitcounter     ; work         ;
;    |TwentySecondTimer:TWS1|   ; 94 (0)              ; 64 (0)                    ; 0                 ; 0          ; 0    ; 0            ; |Lab4|TwentySecondTimer:TWS1                                       ; TwentySecondTimer ; work         ;
;       |TenSecondTimer:TS1|    ; 47 (2)              ; 32 (1)                    ; 0                 ; 0          ; 0    ; 0            ; |Lab4|TwentySecondTimer:TWS1|TenSecondTimer:TS1                    ; TenSecondTimer    ; work         ;
;          |Ninebitcounter:NB1| ; 11 (11)             ; 9 (9)                     ; 0                 ; 0          ; 0    ; 0            ; |Lab4|TwentySecondTimer:TWS1|TenSecondTimer:TS1|Ninebitcounter:NB1 ; Ninebitcounter    ; work         ;
;          |SRLatch:SR1|        ; 1 (1)               ; 0 (0)                     ; 0                 ; 0          ; 0    ; 0            ; |Lab4|TwentySecondTimer:TWS1|TenSecondTimer:TS1|SRLatch:SR1        ; SRLatch           ; work         ;
;          |Tenbitcounter:TB1|  ; 16 (16)             ; 11 (11)                   ; 0                 ; 0          ; 0    ; 0            ; |Lab4|TwentySecondTimer:TWS1|TenSecondTimer:TS1|Tenbitcounter:TB1  ; Tenbitcounter     ; work         ;
;          |Tenbitcounter:TB2|  ; 17 (17)             ; 11 (11)                   ; 0                 ; 0          ; 0    ; 0            ; |Lab4|TwentySecondTimer:TWS1|TenSecondTimer:TS1|Tenbitcounter:TB2  ; Tenbitcounter     ; work         ;
;       |TenSecondTimer:TS2|    ; 47 (2)              ; 32 (1)                    ; 0                 ; 0          ; 0    ; 0            ; |Lab4|TwentySecondTimer:TWS1|TenSecondTimer:TS2                    ; TenSecondTimer    ; work         ;
;          |Ninebitcounter:NB1| ; 11 (11)             ; 9 (9)                     ; 0                 ; 0          ; 0    ; 0            ; |Lab4|TwentySecondTimer:TWS1|TenSecondTimer:TS2|Ninebitcounter:NB1 ; Ninebitcounter    ; work         ;
;          |SRLatch:SR1|        ; 1 (1)               ; 0 (0)                     ; 0                 ; 0          ; 0    ; 0            ; |Lab4|TwentySecondTimer:TWS1|TenSecondTimer:TS2|SRLatch:SR1        ; SRLatch           ; work         ;
;          |Tenbitcounter:TB1|  ; 16 (16)             ; 11 (11)                   ; 0                 ; 0          ; 0    ; 0            ; |Lab4|TwentySecondTimer:TWS1|TenSecondTimer:TS2|Tenbitcounter:TB1  ; Tenbitcounter     ; work         ;
;          |Tenbitcounter:TB2|  ; 17 (17)             ; 11 (11)                   ; 0                 ; 0          ; 0    ; 0            ; |Lab4|TwentySecondTimer:TWS1|TenSecondTimer:TS2|Tenbitcounter:TB2  ; Tenbitcounter     ; work         ;
+-------------------------------+---------------------+---------------------------+-------------------+------------+------+--------------+--------------------------------------------------------------------+-------------------+--------------+
Note: For table entries with two numbers listed, the numbers in parentheses indicate the number of resources of the given type used by the specific entity alone. The numbers listed outside of parentheses indicate the total resources of the given type used by the specific entity and all of its sub-entities in the hierarchy.


+----------------------------------------------------------------------------------------------------------+
; User-Specified and Inferred Latches                                                                      ;
+-----------------------------------------------------------+---------------------+------------------------+
; Latch Name                                                ; Latch Enable Signal ; Free of Timing Hazards ;
+-----------------------------------------------------------+---------------------+------------------------+
; TwentySecondTimer:TWS1|TenSecondTimer:TS2|SRLatch:SR1|out ; GND                 ; yes                    ;
; FiveSecondTimer:TS1|SRLatch:SR1|out                       ; GND                 ; yes                    ;
; TwentySecondTimer:TWS1|TenSecondTimer:TS1|SRLatch:SR1|out ; GND                 ; yes                    ;
; Number of user-specified and inferred latches = 3         ;                     ;                        ;
+-----------------------------------------------------------+---------------------+------------------------+
Note: All latches listed above may not be present at the end of synthesis due to various synthesis optimizations.


+---------------------------------------------------------------+
; Registers Removed During Synthesis                            ;
+---------------------------------------+-----------------------+
; Register name                         ; Reason for Removal    ;
+---------------------------------------+-----------------------+
; str                                   ; Merged with sir       ;
; TwentySecEn                           ; Merged with FiveSecEn ;
; Total Number of Removed Registers = 2 ;                       ;
+---------------------------------------+-----------------------+


+------------------------------------------------------+
; General Register Statistics                          ;
+----------------------------------------------+-------+
; Statistic                                    ; Value ;
+----------------------------------------------+-------+
; Total registers                              ; 151   ;
; Number of registers using Synchronous Clear  ; 128   ;
; Number of registers using Synchronous Load   ; 0     ;
; Number of registers using Asynchronous Clear ; 2     ;
; Number of registers using Asynchronous Load  ; 0     ;
; Number of registers using Clock Enable       ; 119   ;
; Number of registers using Preset             ; 0     ;
+----------------------------------------------+-------+


+---------------------------------------------------------------------------------------------------------------------------------------------------------------------------------------------+
; Multiplexer Restructuring Statistics (Restructuring Performed)                                                                                                                              ;
+--------------------+-----------+---------------+----------------------+------------------------+------------+-------------------------------------------------------------------------------+
; Multiplexer Inputs ; Bus Width ; Baseline Area ; Area if Restructured ; Saving if Restructured ; Registered ; Example Multiplexer Output                                                    ;
+--------------------+-----------+---------------+----------------------+------------------------+------------+-------------------------------------------------------------------------------+
; 4:1                ; 3 bits    ; 6 LEs         ; 6 LEs                ; 0 LEs                  ; Yes        ; |Lab4|FiveHzBlink:FHZ|Threebitcounter:THB1|counter[0]                         ;
; 4:1                ; 9 bits    ; 18 LEs        ; 0 LEs                ; 18 LEs                 ; Yes        ; |Lab4|TwentySecondTimer:TWS1|TenSecondTimer:TS2|Ninebitcounter:NB1|counter[0] ;
; 4:1                ; 9 bits    ; 18 LEs        ; 0 LEs                ; 18 LEs                 ; Yes        ; |Lab4|FiveSecondTimer:TS1|Ninebitcounter:NB1|counter[7]                       ;
; 4:1                ; 10 bits   ; 20 LEs        ; 0 LEs                ; 20 LEs                 ; Yes        ; |Lab4|TwentySecondTimer:TWS1|TenSecondTimer:TS2|Tenbitcounter:TB2|counter[3]  ;
; 4:1                ; 10 bits   ; 20 LEs        ; 0 LEs                ; 20 LEs                 ; Yes        ; |Lab4|FiveSecondTimer:TS1|Tenbitcounter:TB2|counter[2]                        ;
; 4:1                ; 10 bits   ; 20 LEs        ; 0 LEs                ; 20 LEs                 ; Yes        ; |Lab4|TwentySecondTimer:TWS1|TenSecondTimer:TS2|Tenbitcounter:TB1|counter[2]  ;
; 4:1                ; 10 bits   ; 20 LEs        ; 0 LEs                ; 20 LEs                 ; Yes        ; |Lab4|FiveSecondTimer:TS1|Tenbitcounter:TB1|counter[2]                        ;
; 4:1                ; 9 bits    ; 18 LEs        ; 0 LEs                ; 18 LEs                 ; Yes        ; |Lab4|TwentySecondTimer:TWS1|TenSecondTimer:TS1|Ninebitcounter:NB1|counter[0] ;
; 4:1                ; 10 bits   ; 20 LEs        ; 0 LEs                ; 20 LEs                 ; Yes        ; |Lab4|TwentySecondTimer:TWS1|TenSecondTimer:TS1|Tenbitcounter:TB2|counter[0]  ;
; 4:1                ; 10 bits   ; 20 LEs        ; 0 LEs                ; 20 LEs                 ; Yes        ; |Lab4|TwentySecondTimer:TWS1|TenSecondTimer:TS1|Tenbitcounter:TB1|counter[0]  ;
+--------------------+-----------+---------------+----------------------+------------------------+------------+-------------------------------------------------------------------------------+


+----------------------------------------------------------------+
; Parameter Settings for User Entity Instance: Tenbitcounter:SD1 ;
+----------------+-------+---------------------------------------+
; Parameter Name ; Value ; Type                                  ;
+----------------+-------+---------------------------------------+
; width          ; 10    ; Signed Integer                        ;
+----------------+-------+---------------------------------------+
Note: In order to hide this table in the UI and the text report file, please set the "Show Parameter Settings in Synthesis Report" option in "Analysis and Synthesis Settings -> More Settings" to "Off".


+----------------------------------------------------------------+
; Parameter Settings for User Entity Instance: Tenbitcounter:SD2 ;
+----------------+-------+---------------------------------------+
; Parameter Name ; Value ; Type                                  ;
+----------------+-------+---------------------------------------+
; width          ; 10    ; Signed Integer                        ;
+----------------+-------+---------------------------------------+
Note: In order to hide this table in the UI and the text report file, please set the "Show Parameter Settings in Synthesis Report" option in "Analysis and Synthesis Settings -> More Settings" to "Off".


+------------------------------------------------------------------------------------+
; Parameter Settings for User Entity Instance: FiveSecondTimer:TS1|Tenbitcounter:TB1 ;
+----------------+-------+-----------------------------------------------------------+
; Parameter Name ; Value ; Type                                                      ;
+----------------+-------+-----------------------------------------------------------+
; width          ; 10    ; Signed Integer                                            ;
+----------------+-------+-----------------------------------------------------------+
Note: In order to hide this table in the UI and the text report file, please set the "Show Parameter Settings in Synthesis Report" option in "Analysis and Synthesis Settings -> More Settings" to "Off".


+------------------------------------------------------------------------------------+
; Parameter Settings for User Entity Instance: FiveSecondTimer:TS1|Tenbitcounter:TB2 ;
+----------------+-------+-----------------------------------------------------------+
; Parameter Name ; Value ; Type                                                      ;
+----------------+-------+-----------------------------------------------------------+
; width          ; 10    ; Signed Integer                                            ;
+----------------+-------+-----------------------------------------------------------+
Note: In order to hide this table in the UI and the text report file, please set the "Show Parameter Settings in Synthesis Report" option in "Analysis and Synthesis Settings -> More Settings" to "Off".


+-------------------------------------------------------------------------------------+
; Parameter Settings for User Entity Instance: FiveSecondTimer:TS1|Ninebitcounter:NB1 ;
+----------------+-------+------------------------------------------------------------+
; Parameter Name ; Value ; Type                                                       ;
+----------------+-------+------------------------------------------------------------+
; width          ; 9     ; Signed Integer                                             ;
+----------------+-------+------------------------------------------------------------+
Note: In order to hide this table in the UI and the text report file, please set the "Show Parameter Settings in Synthesis Report" option in "Analysis and Synthesis Settings -> More Settings" to "Off".


+----------------------------------------------------------------------------------------------------------+
; Parameter Settings for User Entity Instance: TwentySecondTimer:TWS1|TenSecondTimer:TS1|Tenbitcounter:TB1 ;
+----------------+-------+---------------------------------------------------------------------------------+
; Parameter Name ; Value ; Type                                                                            ;
+----------------+-------+---------------------------------------------------------------------------------+
; width          ; 10    ; Signed Integer                                                                  ;
+----------------+-------+---------------------------------------------------------------------------------+
Note: In order to hide this table in the UI and the text report file, please set the "Show Parameter Settings in Synthesis Report" option in "Analysis and Synthesis Settings -> More Settings" to "Off".


+----------------------------------------------------------------------------------------------------------+
; Parameter Settings for User Entity Instance: TwentySecondTimer:TWS1|TenSecondTimer:TS1|Tenbitcounter:TB2 ;
+----------------+-------+---------------------------------------------------------------------------------+
; Parameter Name ; Value ; Type                                                                            ;
+----------------+-------+---------------------------------------------------------------------------------+
; width          ; 10    ; Signed Integer                                                                  ;
+----------------+-------+---------------------------------------------------------------------------------+
Note: In order to hide this table in the UI and the text report file, please set the "Show Parameter Settings in Synthesis Report" option in "Analysis and Synthesis Settings -> More Settings" to "Off".


+-----------------------------------------------------------------------------------------------------------+
; Parameter Settings for User Entity Instance: TwentySecondTimer:TWS1|TenSecondTimer:TS1|Ninebitcounter:NB1 ;
+----------------+-------+----------------------------------------------------------------------------------+
; Parameter Name ; Value ; Type                                                                             ;
+----------------+-------+----------------------------------------------------------------------------------+
; width          ; 9     ; Signed Integer                                                                   ;
+----------------+-------+----------------------------------------------------------------------------------+
Note: In order to hide this table in the UI and the text report file, please set the "Show Parameter Settings in Synthesis Report" option in "Analysis and Synthesis Settings -> More Settings" to "Off".


+----------------------------------------------------------------------------------------------------------+
; Parameter Settings for User Entity Instance: TwentySecondTimer:TWS1|TenSecondTimer:TS2|Tenbitcounter:TB1 ;
+----------------+-------+---------------------------------------------------------------------------------+
; Parameter Name ; Value ; Type                                                                            ;
+----------------+-------+---------------------------------------------------------------------------------+
; width          ; 10    ; Signed Integer                                                                  ;
+----------------+-------+---------------------------------------------------------------------------------+
Note: In order to hide this table in the UI and the text report file, please set the "Show Parameter Settings in Synthesis Report" option in "Analysis and Synthesis Settings -> More Settings" to "Off".


+----------------------------------------------------------------------------------------------------------+
; Parameter Settings for User Entity Instance: TwentySecondTimer:TWS1|TenSecondTimer:TS2|Tenbitcounter:TB2 ;
+----------------+-------+---------------------------------------------------------------------------------+
; Parameter Name ; Value ; Type                                                                            ;
+----------------+-------+---------------------------------------------------------------------------------+
; width          ; 10    ; Signed Integer                                                                  ;
+----------------+-------+---------------------------------------------------------------------------------+
Note: In order to hide this table in the UI and the text report file, please set the "Show Parameter Settings in Synthesis Report" option in "Analysis and Synthesis Settings -> More Settings" to "Off".


+-----------------------------------------------------------------------------------------------------------+
; Parameter Settings for User Entity Instance: TwentySecondTimer:TWS1|TenSecondTimer:TS2|Ninebitcounter:NB1 ;
+----------------+-------+----------------------------------------------------------------------------------+
; Parameter Name ; Value ; Type                                                                             ;
+----------------+-------+----------------------------------------------------------------------------------+
; width          ; 9     ; Signed Integer                                                                   ;
+----------------+-------+----------------------------------------------------------------------------------+
Note: In order to hide this table in the UI and the text report file, please set the "Show Parameter Settings in Synthesis Report" option in "Analysis and Synthesis Settings -> More Settings" to "Off".


+--------------------------------------------------------------+
; Parameter Settings for User Entity Instance: FiveHzBlink:FHZ ;
+----------------+-------+-------------------------------------+
; Parameter Name ; Value ; Type                                ;
+----------------+-------+-------------------------------------+
; width          ; 10    ; Signed Integer                      ;
+----------------+-------+-------------------------------------+
Note: In order to hide this table in the UI and the text report file, please set the "Show Parameter Settings in Synthesis Report" option in "Analysis and Synthesis Settings -> More Settings" to "Off".


+--------------------------------------------------------------------------------+
; Parameter Settings for User Entity Instance: FiveHzBlink:FHZ|Tenbitcounter:TB1 ;
+----------------+-------+-------------------------------------------------------+
; Parameter Name ; Value ; Type                                                  ;
+----------------+-------+-------------------------------------------------------+
; width          ; 10    ; Signed Integer                                        ;
+----------------+-------+-------------------------------------------------------+
Note: In order to hide this table in the UI and the text report file, please set the "Show Parameter Settings in Synthesis Report" option in "Analysis and Synthesis Settings -> More Settings" to "Off".


+--------------------------------------------------------------------------------+
; Parameter Settings for User Entity Instance: FiveHzBlink:FHZ|Tenbitcounter:TB2 ;
+----------------+-------+-------------------------------------------------------+
; Parameter Name ; Value ; Type                                                  ;
+----------------+-------+-------------------------------------------------------+
; width          ; 10    ; Signed Integer                                        ;
+----------------+-------+-------------------------------------------------------+
Note: In order to hide this table in the UI and the text report file, please set the "Show Parameter Settings in Synthesis Report" option in "Analysis and Synthesis Settings -> More Settings" to "Off".


+-----------------------------------------------------------------------------------+
; Parameter Settings for User Entity Instance: FiveHzBlink:FHZ|Threebitcounter:THB1 ;
+----------------+-------+----------------------------------------------------------+
; Parameter Name ; Value ; Type                                                     ;
+----------------+-------+----------------------------------------------------------+
; width          ; 3     ; Signed Integer                                           ;
+----------------+-------+----------------------------------------------------------+
Note: In order to hide this table in the UI and the text report file, please set the "Show Parameter Settings in Synthesis Report" option in "Analysis and Synthesis Settings -> More Settings" to "Off".


+----------------------------------------------------------------------------------------------------------------------+
; Port Connectivity Checks: "FiveHzBlink:FHZ|Threebitcounter:THB1"                                                     ;
+------------+--------+----------+-------------------------------------------------------------------------------------+
; Port       ; Type   ; Severity ; Details                                                                             ;
+------------+--------+----------+-------------------------------------------------------------------------------------+
; load_value ; Input  ; Info     ; Stuck at GND                                                                        ;
; Tc         ; Output ; Info     ; Connected to dangling logic. Logic that only feeds a dangling port will be removed. ;
+------------+--------+----------+-------------------------------------------------------------------------------------+


+----------------------------------------------------------------------------------------------------------------------+
; Port Connectivity Checks: "FiveHzBlink:FHZ|Tenbitcounter:TB2"                                                        ;
+------------+--------+----------+-------------------------------------------------------------------------------------+
; Port       ; Type   ; Severity ; Details                                                                             ;
+------------+--------+----------+-------------------------------------------------------------------------------------+
; load_value ; Input  ; Info     ; Stuck at GND                                                                        ;
; Qout       ; Output ; Info     ; Connected to dangling logic. Logic that only feeds a dangling port will be removed. ;
+------------+--------+----------+-------------------------------------------------------------------------------------+


+----------------------------------------------------------------------------------------------------------------------+
; Port Connectivity Checks: "FiveHzBlink:FHZ|Tenbitcounter:TB1"                                                        ;
+------------+--------+----------+-------------------------------------------------------------------------------------+
; Port       ; Type   ; Severity ; Details                                                                             ;
+------------+--------+----------+-------------------------------------------------------------------------------------+
; load_value ; Input  ; Info     ; Stuck at GND                                                                        ;
; Qout       ; Output ; Info     ; Connected to dangling logic. Logic that only feeds a dangling port will be removed. ;
+------------+--------+----------+-------------------------------------------------------------------------------------+


+---------------------------------------------+
; Port Connectivity Checks: "FiveHzBlink:FHZ" ;
+---------+-------+----------+----------------+
; Port    ; Type  ; Severity ; Details        ;
+---------+-------+----------+----------------+
; Mr      ; Input ; Info     ; Stuck at GND   ;
; load_en ; Input ; Info     ; Stuck at GND   ;
+---------+-------+----------+----------------+


+----------------------------------------------------------------------------------------------------------------------+
; Port Connectivity Checks: "TwentySecondTimer:TWS1|TenSecondTimer:TS1|Ninebitcounter:NB1"                             ;
+------------+--------+----------+-------------------------------------------------------------------------------------+
; Port       ; Type   ; Severity ; Details                                                                             ;
+------------+--------+----------+-------------------------------------------------------------------------------------+
; load_value ; Input  ; Info     ; Stuck at GND                                                                        ;
; Tc         ; Output ; Info     ; Connected to dangling logic. Logic that only feeds a dangling port will be removed. ;
+------------+--------+----------+-------------------------------------------------------------------------------------+


+----------------------------------------------------------------------------------------------------------------------+
; Port Connectivity Checks: "TwentySecondTimer:TWS1|TenSecondTimer:TS1|Tenbitcounter:TB2"                              ;
+------------+--------+----------+-------------------------------------------------------------------------------------+
; Port       ; Type   ; Severity ; Details                                                                             ;
+------------+--------+----------+-------------------------------------------------------------------------------------+
; load_value ; Input  ; Info     ; Stuck at GND                                                                        ;
; Qout       ; Output ; Info     ; Connected to dangling logic. Logic that only feeds a dangling port will be removed. ;
+------------+--------+----------+-------------------------------------------------------------------------------------+


+----------------------------------------------------------------------------------------------------------------------+
; Port Connectivity Checks: "TwentySecondTimer:TWS1|TenSecondTimer:TS1|Tenbitcounter:TB1"                              ;
+------------+--------+----------+-------------------------------------------------------------------------------------+
; Port       ; Type   ; Severity ; Details                                                                             ;
+------------+--------+----------+-------------------------------------------------------------------------------------+
; load_value ; Input  ; Info     ; Stuck at GND                                                                        ;
; Qout       ; Output ; Info     ; Connected to dangling logic. Logic that only feeds a dangling port will be removed. ;
+------------+--------+----------+-------------------------------------------------------------------------------------+


+----------------------------------------------------+
; Port Connectivity Checks: "TwentySecondTimer:TWS1" ;
+---------+-------+----------+-----------------------+
; Port    ; Type  ; Severity ; Details               ;
+---------+-------+----------+-----------------------+
; load_en ; Input ; Info     ; Stuck at GND          ;
+---------+-------+----------+-----------------------+


+----------------------------------------------------------------------------------------------------------------------+
; Port Connectivity Checks: "FiveSecondTimer:TS1|Ninebitcounter:NB1"                                                   ;
+------------+--------+----------+-------------------------------------------------------------------------------------+
; Port       ; Type   ; Severity ; Details                                                                             ;
+------------+--------+----------+-------------------------------------------------------------------------------------+
; load_value ; Input  ; Info     ; Stuck at GND                                                                        ;
; Tc         ; Output ; Info     ; Connected to dangling logic. Logic that only feeds a dangling port will be removed. ;
+------------+--------+----------+-------------------------------------------------------------------------------------+


+----------------------------------------------------------------------------------------------------------------------+
; Port Connectivity Checks: "FiveSecondTimer:TS1|Tenbitcounter:TB2"                                                    ;
+------------+--------+----------+-------------------------------------------------------------------------------------+
; Port       ; Type   ; Severity ; Details                                                                             ;
+------------+--------+----------+-------------------------------------------------------------------------------------+
; load_value ; Input  ; Info     ; Stuck at GND                                                                        ;
; Qout       ; Output ; Info     ; Connected to dangling logic. Logic that only feeds a dangling port will be removed. ;
+------------+--------+----------+-------------------------------------------------------------------------------------+


+----------------------------------------------------------------------------------------------------------------------+
; Port Connectivity Checks: "FiveSecondTimer:TS1|Tenbitcounter:TB1"                                                    ;
+------------+--------+----------+-------------------------------------------------------------------------------------+
; Port       ; Type   ; Severity ; Details                                                                             ;
+------------+--------+----------+-------------------------------------------------------------------------------------+
; load_value ; Input  ; Info     ; Stuck at GND                                                                        ;
; Qout       ; Output ; Info     ; Connected to dangling logic. Logic that only feeds a dangling port will be removed. ;
+------------+--------+----------+-------------------------------------------------------------------------------------+


+-------------------------------------------------+
; Port Connectivity Checks: "FiveSecondTimer:TS1" ;
+---------+-------+----------+--------------------+
; Port    ; Type  ; Severity ; Details            ;
+---------+-------+----------+--------------------+
; load_en ; Input ; Info     ; Stuck at GND       ;
+---------+-------+----------+--------------------+


+----------------------------------------------------------------------------------------------------------------------+
; Port Connectivity Checks: "Tenbitcounter:SD2"                                                                        ;
+------------+--------+----------+-------------------------------------------------------------------------------------+
; Port       ; Type   ; Severity ; Details                                                                             ;
+------------+--------+----------+-------------------------------------------------------------------------------------+
; Mr         ; Input  ; Info     ; Stuck at GND                                                                        ;
; En         ; Input  ; Info     ; Stuck at VCC                                                                        ;
; load_en    ; Input  ; Info     ; Stuck at GND                                                                        ;
; load_value ; Input  ; Info     ; Stuck at GND                                                                        ;
; Qout       ; Output ; Info     ; Connected to dangling logic. Logic that only feeds a dangling port will be removed. ;
+------------+--------+----------+-------------------------------------------------------------------------------------+


+----------------------------------------------------------------------------------------------------------------------+
; Port Connectivity Checks: "Tenbitcounter:SD1"                                                                        ;
+------------+--------+----------+-------------------------------------------------------------------------------------+
; Port       ; Type   ; Severity ; Details                                                                             ;
+------------+--------+----------+-------------------------------------------------------------------------------------+
; Mr         ; Input  ; Info     ; Stuck at GND                                                                        ;
; En         ; Input  ; Info     ; Stuck at VCC                                                                        ;
; load_en    ; Input  ; Info     ; Stuck at GND                                                                        ;
; load_value ; Input  ; Info     ; Stuck at GND                                                                        ;
; Qout       ; Output ; Info     ; Connected to dangling logic. Logic that only feeds a dangling port will be removed. ;
+------------+--------+----------+-------------------------------------------------------------------------------------+


+-----------------------------------------------------+
; Post-Synthesis Netlist Statistics for Top Partition ;
+-----------------------+-----------------------------+
; Type                  ; Count                       ;
+-----------------------+-----------------------------+
; arriav_ff             ; 151                         ;
;     CLR               ; 2                           ;
;     ENA               ; 12                          ;
;     ENA SCLR          ; 107                         ;
;     SCLR              ; 21                          ;
;     plain             ; 9                           ;
; arriav_lcell_comb     ; 220                         ;
;     arith             ; 127                         ;
;         1 data inputs ; 127                         ;
;     normal            ; 93                          ;
;         1 data inputs ; 3                           ;
;         2 data inputs ; 8                           ;
;         3 data inputs ; 12                          ;
;         4 data inputs ; 30                          ;
;         5 data inputs ; 26                          ;
;         6 data inputs ; 14                          ;
; boundary_port         ; 14                          ;
;                       ;                             ;
; Max LUT depth         ; 2.00                        ;
; Average LUT depth     ; 1.70                        ;
+-----------------------+-----------------------------+


+-------------------------------+
; Elapsed Time Per Partition    ;
+----------------+--------------+
; Partition Name ; Elapsed Time ;
+----------------+--------------+
; Top            ; 00:00:00     ;
+----------------+--------------+


+-------------------------------+
; Analysis & Synthesis Messages ;
+-------------------------------+
Info: *******************************************************************
Info: Running Quartus Prime Analysis & Synthesis
    Info: Version 18.1.0 Build 625 09/12/2018 SJ Lite Edition
    Info: Processing started: Thu Apr 29 16:13:43 2021
Info: Command: quartus_map --read_settings_files=on --write_settings_files=off Lab4 -c Lab4
Warning (18236): Number of processors has not been specified which may cause overloading on shared machines.  Set the global assignment NUM_PARALLEL_PROCESSORS in your QSF to an appropriate value for best performance.
Info (20030): Parallel compilation is enabled and will use 4 of the 4 processors detected
Info (12021): Found 1 design units, including 1 entities, in source file srlatch.v
    Info (12023): Found entity 1: SRLatch File: C:/scratch/s3815282/Lab4/SRLatch.v Line: 1
Info (12021): Found 1 design units, including 1 entities, in source file lab4.v
    Info (12023): Found entity 1: Lab4 File: C:/scratch/s3815282/Lab4/Lab4.v Line: 1
Info (12021): Found 1 design units, including 1 entities, in source file fourbitcounter.v
    Info (12023): Found entity 1: Fourbitcounter File: C:/scratch/s3815282/Lab4/Fourbitcounter.v Line: 1
Info (12021): Found 1 design units, including 1 entities, in source file variablebitcounter.v
    Info (12023): Found entity 1: Variablebitcounter File: C:/scratch/s3815282/Lab4/Variablebitcounter.v Line: 1
Info (12021): Found 1 design units, including 1 entities, in source file tensecondtimer.v
    Info (12023): Found entity 1: TenSecondTimer File: C:/scratch/s3815282/Lab4/TenSecondTimer.v Line: 1
Info (12021): Found 1 design units, including 1 entities, in source file ninebitcounter.v
    Info (12023): Found entity 1: Ninebitcounter File: C:/scratch/s3815282/Lab4/Ninebitcounter.v Line: 1
Info (12021): Found 1 design units, including 1 entities, in source file tenbitcounter.v
    Info (12023): Found entity 1: Tenbitcounter File: C:/scratch/s3815282/Lab4/Tenbitcounter.v Line: 1
Info (12021): Found 1 design units, including 1 entities, in source file twentymstimer.v
    Info (12023): Found entity 1: TwentymsTimer File: C:/scratch/s3815282/Lab4/twentymsTimer.v Line: 1
Info (12021): Found 1 design units, including 1 entities, in source file tenmstimer.v
    Info (12023): Found entity 1: TenmsTimer File: C:/scratch/s3815282/Lab4/TenmsTimer.v Line: 1
Info (12021): Found 1 design units, including 1 entities, in source file hundredmstimer.v
    Info (12023): Found entity 1: HundredmsTimer File: C:/scratch/s3815282/Lab4/HundredmsTimer.v Line: 1
Info (12021): Found 1 design units, including 1 entities, in source file fivehzblink.v
    Info (12023): Found entity 1: FiveHzBlink File: C:/scratch/s3815282/Lab4/FiveHzBlink.v Line: 1
Info (12021): Found 1 design units, including 1 entities, in source file threebitcounter.v
    Info (12023): Found entity 1: Threebitcounter File: C:/scratch/s3815282/Lab4/Threebitcounter.v Line: 1
Info (12021): Found 1 design units, including 1 entities, in source file armswitch.v
    Info (12023): Found entity 1: ArmSwitch File: C:/scratch/s3815282/Lab4/ArmSwitch.v Line: 1
Info (12021): Found 1 design units, including 1 entities, in source file twentysecondtimer.v
    Info (12023): Found entity 1: TwentySecondTimer File: C:/scratch/s3815282/Lab4/TwentySecondTimer.v Line: 1
Info (12021): Found 1 design units, including 1 entities, in source file switch.v
    Info (12023): Found entity 1: Switch File: C:/scratch/s3815282/Lab4/Switch.v Line: 1
Info (12021): Found 1 design units, including 1 entities, in source file fivesecondtimer.v
    Info (12023): Found entity 1: FiveSecondTimer File: C:/scratch/s3815282/Lab4/FiveSecondTimer.v Line: 1
Warning (10236): Verilog HDL Implicit Net warning at Lab4.v(35): created implicit net for "Qout11" File: C:/scratch/s3815282/Lab4/Lab4.v Line: 35
Warning (10236): Verilog HDL Implicit Net warning at HundredmsTimer.v(13): created implicit net for "load_value" File: C:/scratch/s3815282/Lab4/HundredmsTimer.v Line: 13
Warning (10236): Verilog HDL Implicit Net warning at ArmSwitch.v(8): created implicit net for "q" File: C:/scratch/s3815282/Lab4/ArmSwitch.v Line: 8
Warning (10236): Verilog HDL Implicit Net warning at Switch.v(8): created implicit net for "q" File: C:/scratch/s3815282/Lab4/Switch.v Line: 8
Critical Warning (10846): Verilog HDL Instantiation warning at twentymsTimer.v(14): instance has no name File: C:/scratch/s3815282/Lab4/twentymsTimer.v Line: 14
Critical Warning (10846): Verilog HDL Instantiation warning at twentymsTimer.v(15): instance has no name File: C:/scratch/s3815282/Lab4/twentymsTimer.v Line: 15
Critical Warning (10846): Verilog HDL Instantiation warning at twentymsTimer.v(16): instance has no name File: C:/scratch/s3815282/Lab4/twentymsTimer.v Line: 16
Critical Warning (10846): Verilog HDL Instantiation warning at TenmsTimer.v(14): instance has no name File: C:/scratch/s3815282/Lab4/TenmsTimer.v Line: 14
Critical Warning (10846): Verilog HDL Instantiation warning at TenmsTimer.v(15): instance has no name File: C:/scratch/s3815282/Lab4/TenmsTimer.v Line: 15
Critical Warning (10846): Verilog HDL Instantiation warning at TenmsTimer.v(16): instance has no name File: C:/scratch/s3815282/Lab4/TenmsTimer.v Line: 16
Critical Warning (10846): Verilog HDL Instantiation warning at HundredmsTimer.v(13): instance has no name File: C:/scratch/s3815282/Lab4/HundredmsTimer.v Line: 13
Critical Warning (10846): Verilog HDL Instantiation warning at HundredmsTimer.v(14): instance has no name File: C:/scratch/s3815282/Lab4/HundredmsTimer.v Line: 14
Critical Warning (10846): Verilog HDL Instantiation warning at HundredmsTimer.v(15): instance has no name File: C:/scratch/s3815282/Lab4/HundredmsTimer.v Line: 15
Critical Warning (10846): Verilog HDL Instantiation warning at ArmSwitch.v(8): instance has no name File: C:/scratch/s3815282/Lab4/ArmSwitch.v Line: 8
Info (12127): Elaborating entity "Lab4" for the top level hierarchy
Warning (10036): Verilog HDL or VHDL warning at Lab4.v(17): object "arm_reset" assigned a value but never read File: C:/scratch/s3815282/Lab4/Lab4.v Line: 17
Warning (10036): Verilog HDL or VHDL warning at Lab4.v(18): object "panic_reset" assigned a value but never read File: C:/scratch/s3815282/Lab4/Lab4.v Line: 18
Info (12128): Elaborating entity "Tenbitcounter" for hierarchy "Tenbitcounter:SD1" File: C:/scratch/s3815282/Lab4/Lab4.v Line: 35
Warning (10230): Verilog HDL assignment warning at Tenbitcounter.v(33): truncated value with size 32 to match size of target (10) File: C:/scratch/s3815282/Lab4/Tenbitcounter.v Line: 33
Info (12128): Elaborating entity "Switch" for hierarchy "Switch:SW1" File: C:/scratch/s3815282/Lab4/Lab4.v Line: 38
Info (12128): Elaborating entity "SRLatch" for hierarchy "Switch:SW1|SRLatch:SR1" File: C:/scratch/s3815282/Lab4/Switch.v Line: 8
Warning (10240): Verilog HDL Always Construct warning at SRLatch.v(11): inferring latch(es) for variable "out", which holds its previous value in one or more paths through the always construct File: C:/scratch/s3815282/Lab4/SRLatch.v Line: 11
Info (10041): Inferred latch for "out" at SRLatch.v(12) File: C:/scratch/s3815282/Lab4/SRLatch.v Line: 12
Info (12128): Elaborating entity "FiveSecondTimer" for hierarchy "FiveSecondTimer:TS1" File: C:/scratch/s3815282/Lab4/Lab4.v Line: 40
Info (12128): Elaborating entity "Ninebitcounter" for hierarchy "FiveSecondTimer:TS1|Ninebitcounter:NB1" File: C:/scratch/s3815282/Lab4/FiveSecondTimer.v Line: 20
Warning (10230): Verilog HDL assignment warning at Ninebitcounter.v(33): truncated value with size 32 to match size of target (9) File: C:/scratch/s3815282/Lab4/Ninebitcounter.v Line: 33
Info (12128): Elaborating entity "TwentySecondTimer" for hierarchy "TwentySecondTimer:TWS1" File: C:/scratch/s3815282/Lab4/Lab4.v Line: 41
Info (12128): Elaborating entity "TenSecondTimer" for hierarchy "TwentySecondTimer:TWS1|TenSecondTimer:TS1" File: C:/scratch/s3815282/Lab4/TwentySecondTimer.v Line: 12
Info (12128): Elaborating entity "FiveHzBlink" for hierarchy "FiveHzBlink:FHZ" File: C:/scratch/s3815282/Lab4/Lab4.v Line: 95
Info (12128): Elaborating entity "Threebitcounter" for hierarchy "FiveHzBlink:FHZ|Threebitcounter:THB1" File: C:/scratch/s3815282/Lab4/FiveHzBlink.v Line: 23
Warning (10230): Verilog HDL assignment warning at Threebitcounter.v(33): truncated value with size 32 to match size of target (3) File: C:/scratch/s3815282/Lab4/Threebitcounter.v Line: 33
Info (286030): Timing-Driven Synthesis is running
Info (144001): Generated suppressed messages file C:/scratch/s3815282/Lab4/output_files/Lab4.map.smsg
Info (16010): Generating hard_block partition "hard_block:auto_generated_inst"
    Info (16011): Adding 0 node(s), including 0 DDIO, 0 PLL, 0 transceiver and 0 LCELL
Info (21057): Implemented 233 device resources after synthesis - the final resource count might be different
    Info (21058): Implemented 7 input pins
    Info (21059): Implemented 7 output pins
    Info (21061): Implemented 219 logic cells
Info: Quartus Prime Analysis & Synthesis was successful. 0 errors, 21 warnings
    Info: Peak virtual memory: 4838 megabytes
    Info: Processing ended: Thu Apr 29 16:13:54 2021
    Info: Elapsed time: 00:00:11
    Info: Total CPU time (on all processors): 00:00:22


+------------------------------------------+
; Analysis & Synthesis Suppressed Messages ;
+------------------------------------------+
The suppressed messages can be found in C:/scratch/s3815282/Lab4/output_files/Lab4.map.smsg.


